<?xml version="1.0" encoding="UTF-8"?>
<!-- Generated by org.testng.reporters.JUnitReportReporter -->
<testsuite hostname="Hardeep-PC" failures="0" tests="2" name="com.backBase.TestPage.DeleteComputerTest" time="3.184" errors="0" timestamp="22 Jul 2019 20:37:40 GMT" skipped="0">
  <testcase classname="com.backBase.TestPage.DeleteComputerTest" name="deleteComputer" time="2.044"/>
  <testcase classname="com.backBase.TestPage.DeleteComputerTest" name="verifyComputerCount" time="1.140"/>
</testsuite> <!-- com.backBase.TestPage.DeleteComputerTest -->
