<?xml version="1.0" encoding="UTF-8"?>
<!-- Generated by org.testng.reporters.JUnitReportReporter -->
<testsuite hostname="Hardeep-PC" failures="0" tests="5" name="com.backBase.TestPage.AddComputerTest" time="7.011" errors="0" timestamp="22 Jul 2019 20:37:40 GMT" skipped="0">
  <testcase classname="com.backBase.TestPage.AddComputerTest" name="createComputer" time="1.322"/>
  <testcase classname="com.backBase.TestPage.AddComputerTest" name="createComputer" time="2.731"/>
  <testcase classname="com.backBase.TestPage.AddComputerTest" name="validateFields" time="1.204"/>
  <testcase classname="com.backBase.TestPage.AddComputerTest" name="validateFields" time="1.119"/>
  <testcase classname="com.backBase.TestPage.AddComputerTest" name="cancelButton" time="0.635"/>
</testsuite> <!-- com.backBase.TestPage.AddComputerTest -->
