<?xml version="1.0" encoding="UTF-8"?>
<!-- Generated by org.testng.reporters.JUnitReportReporter -->
<testsuite hostname="Hardeep-PC" failures="0" tests="3" name="com.backBase.TestPage.HomePageTest" time="3.121" errors="0" timestamp="22 Jul 2019 20:37:40 GMT" skipped="0">
  <testcase classname="com.backBase.TestPage.HomePageTest" name="searchComputerWithPartialname" time="0.616"/>
  <testcase classname="com.backBase.TestPage.HomePageTest" name="searchComputerWithPartialname" time="2.067"/>
  <testcase classname="com.backBase.TestPage.HomePageTest" name="testNextButton" time="0.438"/>
</testsuite> <!-- com.backBase.TestPage.HomePageTest -->
