<?xml version="1.0" encoding="UTF-8"?>
<!-- Generated by org.testng.reporters.JUnitReportReporter -->
<testsuite hostname="Hardeep-PC" failures="0" tests="2" name="com.backBase.TestPage.UpdateComputerTest" time="3.703" errors="0" timestamp="22 Jul 2019 20:37:40 GMT" skipped="0">
  <testcase classname="com.backBase.TestPage.UpdateComputerTest" name="validateDate" time="2.397"/>
  <testcase classname="com.backBase.TestPage.UpdateComputerTest" name="updateComputerFields" time="1.306"/>
</testsuite> <!-- com.backBase.TestPage.UpdateComputerTest -->
